<?xml version="1.0" encoding="UTF-8"?>
<!-- Generated by org.testng.reporters.JUnitXMLReporter -->
<testsuite hostname="TL0020" ignored="0" name="Test" tests="4" failures="0" timestamp="2022-10-22T18:47:39 IST" time="30.193" errors="0">
  <testcase name="runLogin" time="1.129" classname="testcase.LoginTest"/>
  <testcase name="runCreateLead" time="9.161" classname="testcase.CreateLeadTest"/>
  <testcase name="runCreateLead" time="8.589" classname="testcase.CreateLeadTest"/>
  <testcase name="runLogin" time="0.914" classname="testcase.LoginTest"/>
</testsuite> <!-- Test -->
